<?xml version="1.0" encoding="UTF-8"?>
<Site BuildName="(empty)"
	BuildStamp="20250725-2027-Experimental"
	Name="(empty)"
	Generator="ctest-3.28.3"
	CompilerName=""
	CompilerVersion=""
	OSName="Linux"
	Hostname="se1d"
	OSRelease="6.14.0-24-generic"
	OSVersion="#24~24.04.3-Ubuntu SMP PREEMPT_DYNAMIC Mon Jul  7 16:39:17 UTC 2"
	OSPlatform="x86_64"
	Is64Bits="1"
	VendorString="AuthenticAMD"
	VendorID="Advanced Micro Devices"
	FamilyID="25"
	ModelID="80"
	ProcessorCacheSize="512"
	NumberOfLogicalCPU="5"
	NumberOfPhysicalCPU="5"
	TotalVirtualMemory="3914"
	TotalPhysicalMemory="7941"
	LogicalProcessorsPerPhysical="1"
	ProcessorClockFrequency="3293.7"
	>
	<Testing>
		<StartDateTime>Jul 25 23:27 MSK</StartDateTime>
		<StartTestTime>1753475254</StartTestTime>
		<TestList/>
		<EndDateTime>Jul 25 23:27 MSK</EndDateTime>
		<EndTestTime>1753475254</EndTestTime>
		<ElapsedMinutes>0</ElapsedMinutes>
	</Testing>
</Site>
